<?xml version="1.0" encoding="UTF-8"?>
<coverage generated="1600657477971" clover="3.2.0">
  <project timestamp="1600657477971" name="All files">
    <metrics statements="21" coveredstatements="11" conditionals="0" coveredconditionals="0" methods="11" coveredmethods="5" elements="32" coveredelements="16" complexity="0" loc="21" ncloc="21" packages="1" files="1" classes="1"/>
    <file name="TagPopover.tsx" path="D:\Company\SoTaySinhVien\src\components\TagPopover\TagPopover.tsx">
      <metrics statements="21" coveredstatements="11" conditionals="0" coveredconditionals="0" methods="11" coveredmethods="5"/>
      <line num="20" count="3" type="stmt"/>
      <line num="21" count="3" type="stmt"/>
      <line num="25" count="3" type="stmt"/>
      <line num="28" count="3" type="stmt"/>
      <line num="29" count="0" type="stmt"/>
      <line num="30" count="0" type="stmt"/>
      <line num="34" count="0" type="stmt"/>
      <line num="40" count="3" type="stmt"/>
      <line num="42" count="3" type="stmt"/>
      <line num="43" count="3" type="stmt"/>
      <line num="45" count="6" type="stmt"/>
      <line num="46" count="6" type="stmt"/>
      <line num="51" count="0" type="stmt"/>
      <line num="52" count="0" type="stmt"/>
      <line num="66" count="0" type="stmt"/>
      <line num="67" count="0" type="stmt"/>
      <line num="76" count="0" type="stmt"/>
      <line num="77" count="0" type="stmt"/>
      <line num="85" count="3" type="stmt"/>
      <line num="90" count="0" type="stmt"/>
      <line num="96" count="1" type="stmt"/>
    </file>
  </project>
</coverage>
