{"D:\\Company\\SoTaySinhVien\\src\\components\\TagPopover\\TagPopover.tsx": {"path":"D:\\Company\\SoTaySinhVien\\src\\components\\TagPopover\\TagPopover.tsx","statementMap":{"0":{"start":{"line":20,"column":4},"end":{"line":20,"column":17}},"1":{"start":{"line":21,"column":4},"end":{"line":23,"column":6}},"2":{"start":{"line":25,"column":4},"end":{"line":25,"column":39}},"3":{"start":{"line":28,"column":24},"end":{"line":31,"column":3}},"4":{"start":{"line":29,"column":4},"end":{"line":29,"column":13}},"5":{"start":{"line":30,"column":4},"end":{"line":30,"column":31}},"6":{"start":{"line":34,"column":4},"end":{"line":36,"column":7}},"7":{"start":{"line":40,"column":76},"end":{"line":40,"column":86}},"8":{"start":{"line":42,"column":17},"end":{"line":83,"column":5}},"9":{"start":{"line":43,"column":6},"end":{"line":82,"column":23}},"10":{"start":{"line":45,"column":40},"end":{"line":45,"column":44}},"11":{"start":{"line":46,"column":10},"end":{"line":57,"column":12}},"12":{"start":{"line":51,"column":18},"end":{"line":51,"column":31}},"13":{"start":{"line":52,"column":18},"end":{"line":52,"column":49}},"14":{"start":{"line":66,"column":12},"end":{"line":66,"column":25}},"15":{"start":{"line":67,"column":12},"end":{"line":67,"column":38}},"16":{"start":{"line":76,"column":12},"end":{"line":76,"column":25}},"17":{"start":{"line":77,"column":12},"end":{"line":77,"column":34}},"18":{"start":{"line":85,"column":4},"end":{"line":101,"column":6}},"19":{"start":{"line":90,"column":31},"end":{"line":90,"column":76}},"20":{"start":{"line":96,"column":29},"end":{"line":96,"column":74}}},"fnMap":{"0":{"name":"(anonymous_0)","decl":{"start":{"line":19,"column":2},"end":{"line":19,"column":3}},"loc":{"start":{"line":19,"column":21},"end":{"line":26,"column":3}},"line":19},"1":{"name":"(anonymous_1)","decl":{"start":{"line":28,"column":24},"end":{"line":28,"column":25}},"loc":{"start":{"line":28,"column":35},"end":{"line":31,"column":3}},"line":28},"2":{"name":"(anonymous_2)","decl":{"start":{"line":33,"column":2},"end":{"line":33,"column":3}},"loc":{"start":{"line":33,"column":10},"end":{"line":37,"column":3}},"line":33},"3":{"name":"(anonymous_3)","decl":{"start":{"line":39,"column":2},"end":{"line":39,"column":3}},"loc":{"start":{"line":39,"column":11},"end":{"line":102,"column":3}},"line":39},"4":{"name":"(anonymous_4)","decl":{"start":{"line":42,"column":17},"end":{"line":42,"column":18}},"loc":{"start":{"line":43,"column":6},"end":{"line":82,"column":23}},"line":43},"5":{"name":"(anonymous_5)","decl":{"start":{"line":44,"column":21},"end":{"line":44,"column":22}},"loc":{"start":{"line":44,"column":38},"end":{"line":58,"column":9}},"line":44},"6":{"name":"(anonymous_6)","decl":{"start":{"line":50,"column":25},"end":{"line":50,"column":26}},"loc":{"start":{"line":50,"column":31},"end":{"line":53,"column":17}},"line":50},"7":{"name":"(anonymous_7)","decl":{"start":{"line":65,"column":19},"end":{"line":65,"column":20}},"loc":{"start":{"line":65,"column":25},"end":{"line":68,"column":11}},"line":65},"8":{"name":"(anonymous_8)","decl":{"start":{"line":75,"column":21},"end":{"line":75,"column":22}},"loc":{"start":{"line":75,"column":27},"end":{"line":78,"column":11}},"line":75},"9":{"name":"(anonymous_9)","decl":{"start":{"line":90,"column":25},"end":{"line":90,"column":26}},"loc":{"start":{"line":90,"column":31},"end":{"line":90,"column":76}},"line":90},"10":{"name":"(anonymous_10)","decl":{"start":{"line":96,"column":23},"end":{"line":96,"column":24}},"loc":{"start":{"line":96,"column":29},"end":{"line":96,"column":74}},"line":96}},"branchMap":{},"s":{"0":3,"1":3,"2":3,"3":3,"4":0,"5":0,"6":0,"7":3,"8":3,"9":3,"10":6,"11":6,"12":0,"13":0,"14":0,"15":0,"16":0,"17":0,"18":3,"19":0,"20":1},"f":{"0":3,"1":0,"2":0,"3":3,"4":3,"5":6,"6":0,"7":0,"8":0,"9":0,"10":1},"b":{},"_coverageSchema":"43e27e138ebf9cfc5966b082cf9a028302ed4184","hash":"2743aa36dd3e56d2abfa422dd85c8471cd78b696"}
}
