TN:
SF:D:\Company\SoTaySinhVien\src\components\TagPopover\TagPopover.tsx
FN:19,(anonymous_0)
FN:28,(anonymous_1)
FN:33,(anonymous_2)
FN:39,(anonymous_3)
FN:42,(anonymous_4)
FN:44,(anonymous_5)
FN:50,(anonymous_6)
FN:65,(anonymous_7)
FN:75,(anonymous_8)
FN:90,(anonymous_9)
FN:96,(anonymous_10)
FNF:11
FNH:5
FNDA:3,(anonymous_0)
FNDA:0,(anonymous_1)
FNDA:0,(anonymous_2)
FNDA:3,(anonymous_3)
FNDA:3,(anonymous_4)
FNDA:6,(anonymous_5)
FNDA:0,(anonymous_6)
FNDA:0,(anonymous_7)
FNDA:0,(anonymous_8)
FNDA:0,(anonymous_9)
FNDA:1,(anonymous_10)
DA:20,3
DA:21,3
DA:25,3
DA:28,3
DA:29,0
DA:30,0
DA:34,0
DA:40,3
DA:42,3
DA:43,3
DA:45,6
DA:46,6
DA:51,0
DA:52,0
DA:66,0
DA:67,0
DA:76,0
DA:77,0
DA:85,3
DA:90,0
DA:96,1
LF:21
LH:11
BRF:0
BRH:0
end_of_record
